{'query': '人工智能的专家', 'lang': 'zh', 'zh': {'PER': [], 'CON': [], 'DATE': [], 'ORG': [], 'KEY': ['人工智能'], 'O': ['的', '专家'], 'intent': '搜学者'}, 'en': ''}
{'query': 'find some paper about machine learning written by Nibaldo C. Inestrosa', 'lang': 'en', 'zh': '', 'en': {'PER': ['Nibaldo C. Inestrosa'], 'CON': [], 'DATE': [], 'ORG': [], 'KEY': ['machine learning'], 'O': ['find', 'some', 'paper', 'about', 'written', 'by'], 'intent': '搜文章'}}
{'query': '数据挖掘的专家。', 'lang': 'zh', 'zh': {'PER': ['。'], 'CON': [], 'DATE': [], 'ORG': [], 'KEY': ['数据挖掘'], 'O': ['的', '专家'], 'intent': '搜学者'}, 'en': ''}
{'query': '人工智能的学者', 'lang': 'zh', 'zh': {'PER': [], 'CON': [], 'DATE': [], 'ORG': [], 'KEY': ['人工智能'], 'O': ['的', '学者'], 'intent': '搜学者'}, 'en': ''}
{'query': '你好，小脉，帮我找个人工智能的大牛好吗', 'lang': 'zh', 'zh': {'PER': ['找个人工智能', '大牛好吗'], 'CON': [], 'DATE': [], 'ORG': [], 'KEY': ['你好，小脉，帮'], 'O': ['我', '的'], 'intent': '闲聊'}, 'en': ''}
{'query': '你好，小脉，帮我找个人工智能的专家好吗？', 'lang': 'zh', 'zh': {'PER': ['好吗？'], 'CON': ['人工智能'], 'DATE': [], 'ORG': [], 'KEY': ['你好，小脉，帮'], 'O': ['我', '找个', '的', '专家'], 'intent': '闲聊'}, 'en': ''}
{'query': '帮我找个人工智能的专家好吗？', 'lang': 'zh', 'zh': {'PER': ['找个人工智能', '好吗？'], 'CON': [], 'DATE': [], 'ORG': [], 'KEY': [], 'O': ['帮', '我', '的', '专家'], 'intent': '闲聊'}, 'en': ''}
{'query': '帮我找个人工智能的专家', 'lang': 'zh', 'zh': {'PER': [], 'CON': ['人工智能'], 'DATE': [], 'ORG': [], 'KEY': [], 'O': ['帮', '我', '找个', '的', '专家'], 'intent': '搜学者'}, 'en': ''}
{'query': '帮我找个人工智能的专家好吗', 'lang': 'zh', 'zh': {'PER': ['找个人工智能', '好吗'], 'CON': [], 'DATE': [], 'ORG': [], 'KEY': [], 'O': ['帮', '我', '的', '专家'], 'intent': '闲聊'}, 'en': ''}
{'query': '机器学习的论文', 'lang': 'zh', 'zh': {'PER': [], 'CON': ['机器学习'], 'DATE': [], 'ORG': [], 'KEY': [], 'O': ['的', '论文'], 'intent': '搜文章'}, 'en': ''}
{'query': '小脉，帮我查一下机器学习的论文', 'lang': 'zh', 'zh': {'PER': ['小脉，帮我查'], 'CON': ['一下机器学习'], 'DATE': [], 'ORG': [], 'KEY': [], 'O': ['的', '论文'], 'intent': '搜文章'}, 'en': ''}
{'query': '帮我查一下机器学习的论文', 'lang': 'zh', 'zh': {'PER': ['帮我查一下'], 'CON': ['机器学习'], 'DATE': [], 'ORG': [], 'KEY': [], 'O': ['的', '论文'], 'intent': '搜文章'}, 'en': ''}
{'query': '人工智能的论文', 'lang': 'zh', 'zh': {'PER': [], 'CON': ['人工智能'], 'DATE': [], 'ORG': [], 'KEY': [], 'O': ['的', '论文'], 'intent': '搜文章'}, 'en': ''}
{'query': '小脉，帮我查一下机器学习的论文吧', 'lang': 'zh', 'zh': {'PER': ['小脉，帮我查', '吧'], 'CON': ['一下机器学习'], 'DATE': [], 'ORG': [], 'KEY': [], 'O': ['的', '论文'], 'intent': '搜文章'}, 'en': ''}
{'query': '数据挖掘的学者', 'lang': 'zh', 'zh': {'PER': [], 'CON': [], 'DATE': [], 'ORG': [], 'KEY': ['数据挖掘'], 'O': ['的', '学者'], 'intent': '搜学者'}, 'en': ''}
{'query': '数据学者', 'lang': 'zh', 'zh': {'PER': [], 'CON': [], 'DATE': [], 'ORG': [], 'KEY': ['数据'], 'O': ['学者'], 'intent': '搜学者'}, 'en': ''}
{'query': '数据挖掘的论文', 'lang': 'zh', 'zh': {'PER': [], 'CON': ['数据挖掘'], 'DATE': [], 'ORG': [], 'KEY': [], 'O': ['的', '论文'], 'intent': '搜文章'}, 'en': ''}
{'query': '什么是数据挖掘？', 'lang': 'zh', 'zh': {'PER': [], 'CON': [], 'DATE': [], 'ORG': [], 'KEY': ['什么是数据挖掘？'], 'O': [], 'intent': '闲聊'}, 'en': ''}
{'query': '人工智能是什么？', 'lang': 'zh', 'zh': {'PER': [], 'CON': [], 'DATE': [], 'ORG': [], 'KEY': ['人工智能是什么？'], 'O': [], 'intent': '闲聊'}, 'en': ''}
{'query': '什么是人工智能', 'lang': 'zh', 'zh': {'PER': [], 'CON': [], 'DATE': [], 'ORG': [], 'KEY': ['什么是人工智能'], 'O': [], 'intent': '闲聊'}, 'en': ''}
{'query': '语义分析的论文', 'lang': 'zh', 'zh': {'PER': [], 'CON': ['语义分析'], 'DATE': [], 'ORG': [], 'KEY': [], 'O': ['的', '论文'], 'intent': '搜文章'}, 'en': ''}
{'query': '人工智能的看论文', 'lang': 'zh', 'zh': {'PER': ['看'], 'CON': ['人工智能'], 'DATE': [], 'ORG': [], 'KEY': [], 'O': ['的', '论文'], 'intent': '搜文章'}, 'en': ''}
{'query': '唐杰是谁', 'lang': 'zh', 'zh': {'PER': ['唐杰是谁'], 'CON': [], 'DATE': [], 'ORG': [], 'KEY': [], 'O': [], 'intent': '闲聊'}, 'en': ''}
{'query': '数据挖掘是什么', 'lang': 'zh', 'zh': {'PER': [], 'CON': [], 'DATE': [], 'ORG': [], 'KEY': ['数据挖掘是什么'], 'O': [], 'intent': '闲聊'}, 'en': ''}
{'query': '许斌是谁', 'lang': 'zh', 'zh': {'PER': ['许斌是谁'], 'CON': [], 'DATE': [], 'ORG': [], 'KEY': [], 'O': [], 'intent': '闲聊'}, 'en': ''}
{'query': '张宇韬是谁', 'lang': 'zh', 'zh': {'PER': ['张宇韬是谁'], 'CON': [], 'DATE': [], 'ORG': [], 'KEY': [], 'O': [], 'intent': '闲聊'}, 'en': ''}
{'query': '你是谁', 'lang': 'zh', 'zh': {'PER': ['你是谁'], 'CON': [], 'DATE': [], 'ORG': [], 'KEY': [], 'O': [], 'intent': '闲聊'}, 'en': ''}
{'query': 'PM2.5最新研究', 'lang': 'zh', 'zh': {'PER': ['PM2.5'], 'CON': ['最新研究'], 'DATE': [], 'ORG': [], 'KEY': [], 'O': [], 'intent': '搜文章'}, 'en': ''}
{'query': 'data mining的论文', 'lang': 'zh', 'zh': {'PER': [], 'CON': ['datamining'], 'DATE': [], 'ORG': [], 'KEY': [], 'O': ['的', '论文'], 'intent': '搜文章'}, 'en': ''}
{'query': '人工智能論文', 'lang': 'zh', 'zh': {'PER': ['論文'], 'CON': [], 'DATE': [], 'ORG': [], 'KEY': ['人工智能'], 'O': [], 'intent': '闲聊'}, 'en': ''}
{'query': '人工智能专家。', 'lang': 'zh', 'zh': {'PER': ['。'], 'CON': [], 'DATE': [], 'ORG': [], 'KEY': ['人工智能'], 'O': ['专家'], 'intent': '闲聊'}, 'en': ''}
{'query': '清华大学唐杰。', 'lang': 'zh', 'zh': {'PER': ['唐杰。'], 'CON': [], 'DATE': [], 'ORG': ['清华大学'], 'KEY': [], 'O': [], 'intent': '闲聊'}, 'en': ''}
{'query': '计算机论文。', 'lang': 'zh', 'zh': {'PER': [], 'CON': [], 'DATE': [], 'ORG': [], 'KEY': ['计算机论文。'], 'O': [], 'intent': '搜文章'}, 'en': ''}
{'query': '计算机科学与技术论文。', 'lang': 'zh', 'zh': {'PER': [], 'CON': ['计算机科学与技术论文。'], 'DATE': [], 'ORG': [], 'KEY': [], 'O': [], 'intent': '搜文章'}, 'en': ''}
{'query': '健康医疗大数据。', 'lang': 'zh', 'zh': {'PER': [], 'CON': ['大数据。'], 'DATE': [], 'ORG': [], 'KEY': ['健康医疗'], 'O': [], 'intent': '闲聊'}, 'en': ''}
{'query': '亲，我的学堂杰教授的论文。', 'lang': 'zh', 'zh': {'PER': ['学堂杰教授', '。'], 'CON': [], 'DATE': [], 'ORG': [], 'KEY': ['亲，'], 'O': ['我', '的', '的', '论文'], 'intent': '搜文章'}, 'en': ''}
{'query': '查找最新发布的论文。', 'lang': 'zh', 'zh': {'PER': ['。'], 'CON': ['最新发布'], 'DATE': [], 'ORG': [], 'KEY': [], 'O': ['查找', '的', '论文'], 'intent': '搜文章'}, 'en': ''}
{'query': '帮我搜索清华谈杰论文。', 'lang': 'zh', 'zh': {'PER': [], 'CON': ['清华谈杰论文。'], 'DATE': [], 'ORG': [], 'KEY': ['帮我搜索'], 'O': [], 'intent': '搜文章'}, 'en': ''}
{'query': '帮我查找特朗普的信息。', 'lang': 'zh', 'zh': {'PER': ['特朗普'], 'CON': ['信息。'], 'DATE': [], 'ORG': [], 'KEY': [], 'O': ['帮', '我', '查找', '的'], 'intent': '搜文章'}, 'en': ''}
{'query': '查找唐杰教授论文。', 'lang': 'zh', 'zh': {'PER': [], 'CON': ['唐杰教授论文。'], 'DATE': [], 'ORG': [], 'KEY': [], 'O': ['查找'], 'intent': '搜文章'}, 'en': ''}
{'query': '什么是专家画像？', 'lang': 'zh', 'zh': {'PER': [], 'CON': [], 'DATE': [], 'ORG': [], 'KEY': ['什么是专家画像？'], 'O': [], 'intent': '闲聊'}, 'en': ''}
{'query': '人工智能专家', 'lang': 'zh', 'zh': {'PER': [], 'CON': [], 'DATE': [], 'ORG': [], 'KEY': ['人工智能'], 'O': ['专家'], 'intent': '搜学者'}, 'en': ''}
{'query': '人工智能专家都有谁？', 'lang': 'zh', 'zh': {'PER': ['都有谁？'], 'CON': [], 'DATE': [], 'ORG': [], 'KEY': ['人工智能专家'], 'O': [], 'intent': '闲聊'}, 'en': ''}
{'query': '机器学习专家有哪些？', 'lang': 'zh', 'zh': {'PER': [], 'CON': [], 'DATE': [], 'ORG': [], 'KEY': ['机器学习专家有哪些？'], 'O': [], 'intent': '闲聊'}, 'en': ''}
{'query': '能看一下唐杰老师吗？', 'lang': 'zh', 'zh': {'PER': [], 'CON': [], 'DATE': [], 'ORG': [], 'KEY': ['能看一下唐杰老师吗？'], 'O': [], 'intent': '闲聊'}, 'en': ''}
{'query': '请帮忙找到美国人工职智能华人女性专家', 'lang': 'zh', 'zh': {'PER': [], 'CON': [], 'DATE': [], 'ORG': [], 'KEY': ['请帮忙找到美国人工职智能华人女性'], 'O': ['专家'], 'intent': '搜学者'}, 'en': ''}
{'query': '找出美国人工智能华人女性专家', 'lang': 'zh', 'zh': {'PER': [], 'CON': ['华人女性专家'], 'DATE': [], 'ORG': [], 'KEY': ['找出美国人工智能'], 'O': [], 'intent': '搜学者'}, 'en': ''}
{'query': '美国人工智能领域华人专家', 'lang': 'zh', 'zh': {'PER': [], 'CON': ['华人专家'], 'DATE': [], 'ORG': [], 'KEY': ['美国人工智能'], 'O': ['领域'], 'intent': '搜学者'}, 'en': ''}
{'query': '中国人工智能领域专家', 'lang': 'zh', 'zh': {'PER': [], 'CON': ['中国人工智能领域专家'], 'DATE': [], 'ORG': [], 'KEY': [], 'O': [], 'intent': '搜学者'}, 'en': ''}
{'query': '美国人工智能领域专家', 'lang': 'zh', 'zh': {'PER': [], 'CON': ['人工智能领域专家'], 'DATE': [], 'ORG': [], 'KEY': ['美国'], 'O': [], 'intent': '搜学者'}, 'en': ''}
{'query': '美国人工智能专家', 'lang': 'zh', 'zh': {'PER': [], 'CON': [], 'DATE': [], 'ORG': [], 'KEY': ['美国人工智能'], 'O': ['专家'], 'intent': '搜学者'}, 'en': ''}
{'query': '查找人工智能专家。', 'lang': 'zh', 'zh': {'PER': [], 'CON': ['人工智能专家。'], 'DATE': [], 'ORG': [], 'KEY': [], 'O': ['查找'], 'intent': '搜学者'}, 'en': ''}
{'query': '查找人工智能的专家。', 'lang': 'zh', 'zh': {'PER': ['。'], 'CON': ['人工智能'], 'DATE': [], 'ORG': [], 'KEY': [], 'O': ['查找', '的', '专家'], 'intent': '搜学者'}, 'en': ''}
{'query': '查一下李德玉的论文。', 'lang': 'zh', 'zh': {'PER': ['一下李德玉', '。'], 'CON': [], 'DATE': [], 'ORG': [], 'KEY': [], 'O': ['查', '的', '论文'], 'intent': '搜文章'}, 'en': ''}
{'query': '查一下唐杰老师。', 'lang': 'zh', 'zh': {'PER': ['一下唐杰老师。'], 'CON': [], 'DATE': [], 'ORG': [], 'KEY': [], 'O': ['查'], 'intent': '闲聊'}, 'en': ''}
{'query': '查一下人工智能的论文。', 'lang': 'zh', 'zh': {'PER': ['。'], 'CON': ['人工智能'], 'DATE': [], 'ORG': [], 'KEY': [], 'O': ['查', '一下', '的', '论文'], 'intent': '搜文章'}, 'en': ''}
{'query': '寻找一下人工智能的论文。', 'lang': 'zh', 'zh': {'PER': ['。'], 'CON': ['一下人工智能'], 'DATE': [], 'ORG': [], 'KEY': [], 'O': ['寻找', '的', '论文'], 'intent': '搜文章'}, 'en': ''}
{'query': '搜一下唐杰老师的论文。', 'lang': 'zh', 'zh': {'PER': ['搜一下唐杰老师', '。'], 'CON': [], 'DATE': [], 'ORG': [], 'KEY': [], 'O': ['的', '论文'], 'intent': '搜文章'}, 'en': ''}
{'query': '查找人工智能。', 'lang': 'zh', 'zh': {'PER': [], 'CON': ['人工智能。'], 'DATE': [], 'ORG': [], 'KEY': [], 'O': ['查找'], 'intent': '闲聊'}, 'en': ''}
{'query': '查找一下机器学习。', 'lang': 'zh', 'zh': {'PER': [], 'CON': [], 'DATE': [], 'ORG': [], 'KEY': ['一下机器学习。'], 'O': ['查找'], 'intent': '闲聊'}, 'en': ''}
{'query': '搜索一下机器学习。', 'lang': 'zh', 'zh': {'PER': [], 'CON': ['机器学习。'], 'DATE': [], 'ORG': [], 'KEY': ['搜索一下'], 'O': [], 'intent': '闲聊'}, 'en': ''}
{'query': '请找一下人工智能的专家。', 'lang': 'zh', 'zh': {'PER': ['。'], 'CON': ['人工智能'], 'DATE': [], 'ORG': [], 'KEY': [], 'O': ['请', '找', '一下', '的', '专家'], 'intent': '搜学者'}, 'en': ''}
{'query': '你好，请找一下人工智能的专家。', 'lang': 'zh', 'zh': {'PER': ['。'], 'CON': ['人工智能'], 'DATE': [], 'ORG': [], 'KEY': ['你好，'], 'O': ['请', '找', '一下', '的', '专家'], 'intent': '搜学者'}, 'en': ''}
{'query': '查一下他的老师的论文。', 'lang': 'zh', 'zh': {'PER': ['一下他', '老师', '。'], 'CON': [], 'DATE': [], 'ORG': [], 'KEY': [], 'O': ['查', '的', '的', '论文'], 'intent': '搜文章'}, 'en': ''}
{'query': '找一下机器学习的专家。', 'lang': 'zh', 'zh': {'PER': ['。'], 'CON': ['机器学习'], 'DATE': [], 'ORG': [], 'KEY': [], 'O': ['找', '一下', '的', '专家'], 'intent': '搜学者'}, 'en': ''}
{'query': '帮我查找美国华人专家。', 'lang': 'zh', 'zh': {'PER': [], 'CON': ['美国华人专家。'], 'DATE': [], 'ORG': [], 'KEY': [], 'O': ['帮', '我', '查找'], 'intent': '搜学者'}, 'en': ''}
{'query': '帮我查找美国人工智能专家。', 'lang': 'zh', 'zh': {'PER': [], 'CON': ['美国人工智能专家。'], 'DATE': [], 'ORG': [], 'KEY': ['帮'], 'O': ['我', '查找'], 'intent': '搜学者'}, 'en': ''}
{'query': '查找美国人工智能专家。', 'lang': 'zh', 'zh': {'PER': [], 'CON': ['美国人工智能专家。'], 'DATE': [], 'ORG': [], 'KEY': [], 'O': ['查找'], 'intent': '搜学者'}, 'en': ''}
{'query': '关于北京故宫博物院的论文。', 'lang': 'zh', 'zh': {'PER': ['。'], 'CON': [], 'DATE': [], 'ORG': ['北京故宫博物院'], 'KEY': [], 'O': ['关于', '的', '论文'], 'intent': '搜文章'}, 'en': ''}
{'query': '福建海洋学论文。', 'lang': 'zh', 'zh': {'PER': [], 'CON': ['福建海洋学论文。'], 'DATE': [], 'ORG': [], 'KEY': [], 'O': [], 'intent': '搜文章'}, 'en': ''}
{'query': '福建省医学专家。', 'lang': 'zh', 'zh': {'PER': [], 'CON': ['福建省医学专家。'], 'DATE': [], 'ORG': [], 'KEY': [], 'O': [], 'intent': '搜文章'}, 'en': ''}
{'query': '福建省将一静博士。', 'lang': 'zh', 'zh': {'PER': ['一静博士。'], 'CON': [], 'DATE': [], 'ORG': [], 'KEY': ['福建省将'], 'O': [], 'intent': '闲聊'}, 'en': ''}
{'query': '福建省将一进一学博士。', 'lang': 'zh', 'zh': {'PER': ['一进一学'], 'CON': ['博士。'], 'DATE': [], 'ORG': [], 'KEY': ['福建省将'], 'O': [], 'intent': '闲聊'}, 'en': ''}
{'query': '江伊静医学博士。', 'lang': 'zh', 'zh': {'PER': ['江伊静'], 'CON': ['医学博士。'], 'DATE': [], 'ORG': [], 'KEY': [], 'O': [], 'intent': '闲聊'}, 'en': ''}
{'query': '江伊静，一学博士。', 'lang': 'zh', 'zh': {'PER': ['江伊静，一学'], 'CON': ['博士。'], 'DATE': [], 'ORG': [], 'KEY': [], 'O': [], 'intent': '闲聊'}, 'en': ''}
{'query': '福建省中医药大学姜亦进博士。', 'lang': 'zh', 'zh': {'PER': ['姜亦进博士。'], 'CON': [], 'DATE': [], 'ORG': ['福建省中医药大学'], 'KEY': [], 'O': [], 'intent': '搜文章'}, 'en': ''}
{'query': '福建省中医药大学博士论文。', 'lang': 'zh', 'zh': {'PER': [], 'CON': ['博士论文。'], 'DATE': [], 'ORG': ['福建省中医药大学'], 'KEY': [], 'O': [], 'intent': '搜文章'}, 'en': ''}
{'query': '福建省东南大数据中心简介。', 'lang': 'zh', 'zh': {'PER': [], 'CON': ['东南大数据中心简介。'], 'DATE': [], 'ORG': [], 'KEY': ['福建省'], 'O': [], 'intent': '搜文章'}, 'en': ''}
{'query': '福建中医药大学江一静', 'lang': 'zh', 'zh': {'PER': ['江一静'], 'CON': [], 'DATE': [], 'ORG': ['福建中医药大学'], 'KEY': [], 'O': [], 'intent': '闲聊'}, 'en': ''}
{'query': '帮我找一下人工智能专家。', 'lang': 'zh', 'zh': {'PER': [], 'CON': ['人工智能专家。'], 'DATE': [], 'ORG': [], 'KEY': [], 'O': ['帮', '我', '找', '一下'], 'intent': '搜学者'}, 'en': ''}
{'query': '搜一下清华大学堂的老师的照片。', 'lang': 'zh', 'zh': {'PER': ['老师', '照片。'], 'CON': [], 'DATE': [], 'ORG': ['清华大学堂'], 'KEY': ['搜一下'], 'O': ['的', '的'], 'intent': '搜文章'}, 'en': ''}
{'query': '唐静老师的论文。', 'lang': 'zh', 'zh': {'PER': ['唐静老师', '。'], 'CON': [], 'DATE': [], 'ORG': [], 'KEY': [], 'O': ['的', '论文'], 'intent': '搜文章'}, 'en': ''}
{'query': '搜一下机器学习的论文。', 'lang': 'zh', 'zh': {'PER': ['。'], 'CON': ['机器学习'], 'DATE': [], 'ORG': [], 'KEY': ['搜一下'], 'O': ['的', '论文'], 'intent': '搜文章'}, 'en': ''}
{'query': '帮我找一下几个专家。', 'lang': 'zh', 'zh': {'PER': [], 'CON': [], 'DATE': [], 'ORG': [], 'KEY': [], 'O': ['帮', '我', '找', '一下', '几个', '专家', '。'], 'intent': '搜学者'}, 'en': ''}
{'query': '帮我找一下机器学习的专家。', 'lang': 'zh', 'zh': {'PER': ['。'], 'CON': ['机器学习'], 'DATE': [], 'ORG': [], 'KEY': [], 'O': ['帮', '我', '找', '一下', '的', '专家'], 'intent': '搜学者'}, 'en': ''}
{'query': '找一下清华大学的专家。', 'lang': 'zh', 'zh': {'PER': ['。'], 'CON': [], 'DATE': [], 'ORG': ['清华大学'], 'KEY': [], 'O': ['找', '一下', '的', '专家'], 'intent': '搜学者'}, 'en': ''}
{'query': '数据挖掘的专家', 'lang': 'zh', 'zh': {'PER': [], 'CON': [], 'DATE': [], 'ORG': [], 'KEY': ['数据挖掘'], 'O': ['的', '专家'], 'intent': '搜学者'}, 'en': ''}
{'query': '找一下自然语言处理的专家。', 'lang': 'zh', 'zh': {'PER': ['。'], 'CON': [], 'DATE': [], 'ORG': [], 'KEY': ['自然语言处理'], 'O': ['找', '一下', '的', '专家'], 'intent': '搜学者'}, 'en': ''}
{'query': '清华大学的专家', 'lang': 'zh', 'zh': {'PER': [], 'CON': [], 'DATE': [], 'ORG': ['清华大学'], 'KEY': [], 'O': ['的', '专家'], 'intent': '搜学者'}, 'en': ''}
{'query': '查找一下美国人工智能专家。', 'lang': 'zh', 'zh': {'PER': [], 'CON': ['美国人工智能专家。'], 'DATE': [], 'ORG': [], 'KEY': [], 'O': ['查找', '一下'], 'intent': '搜学者'}, 'en': ''}
{'query': '查找一下人工智能专家。', 'lang': 'zh', 'zh': {'PER': [], 'CON': ['人工智能专家。'], 'DATE': [], 'ORG': [], 'KEY': [], 'O': ['查找', '一下'], 'intent': '搜学者'}, 'en': ''}
{'query': '福建中医药大学将以浸润。', 'lang': 'zh', 'zh': {'PER': ['将以'], 'CON': ['浸润。'], 'DATE': [], 'ORG': ['福建中医药大学'], 'KEY': [], 'O': [], 'intent': '搜文章'}, 'en': ''}
{'query': '福建医学会医学专家。', 'lang': 'zh', 'zh': {'PER': [], 'CON': ['福建医学会医学专家。'], 'DATE': [], 'ORG': [], 'KEY': [], 'O': [], 'intent': '搜文章'}, 'en': ''}
{'query': '福建人工智能专家。', 'lang': 'zh', 'zh': {'PER': [], 'CON': ['福建人工智能专家。'], 'DATE': [], 'ORG': [], 'KEY': [], 'O': [], 'intent': '搜学者'}, 'en': ''}
{'query': '福建计算机专家。', 'lang': 'zh', 'zh': {'PER': [], 'CON': ['福建计算机专家。'], 'DATE': [], 'ORG': [], 'KEY': [], 'O': [], 'intent': '搜学者'}, 'en': ''}
{'query': '福州市人才库专家。', 'lang': 'zh', 'zh': {'PER': [], 'CON': [], 'DATE': [], 'ORG': ['福州市人才库专家。'], 'KEY': [], 'O': [], 'intent': '搜学者'}, 'en': ''}
{'query': '福州市人才。', 'lang': 'zh', 'zh': {'PER': ['。'], 'CON': [], 'DATE': [], 'ORG': [], 'KEY': ['福州市人才'], 'O': [], 'intent': '闲聊'}, 'en': ''}
{'query': '福建省人才库专家。', 'lang': 'zh', 'zh': {'PER': [], 'CON': ['福建省人才库专家。'], 'DATE': [], 'ORG': [], 'KEY': [], 'O': [], 'intent': '搜学者'}, 'en': ''}
{'query': '福建省大数据专家。', 'lang': 'zh', 'zh': {'PER': [], 'CON': ['福建省大数据专家。'], 'DATE': [], 'ORG': [], 'KEY': [], 'O': [], 'intent': '搜学者'}, 'en': ''}
{'query': '福建省云计算中心专家。', 'lang': 'zh', 'zh': {'PER': ['专家。'], 'CON': [], 'DATE': [], 'ORG': ['福建省云计算中心'], 'KEY': [], 'O': [], 'intent': '搜学者'}, 'en': ''}
{'query': '中国人才库专家。', 'lang': 'zh', 'zh': {'PER': [], 'CON': ['中国人才库专家。'], 'DATE': [], 'ORG': [], 'KEY': [], 'O': [], 'intent': '搜学者'}, 'en': ''}
{'query': '中国人工智能专家。', 'lang': 'zh', 'zh': {'PER': [], 'CON': ['中国人工智能专家。'], 'DATE': [], 'ORG': [], 'KEY': [], 'O': [], 'intent': '搜学者'}, 'en': ''}
{'query': '中国数据挖掘专家。', 'lang': 'zh', 'zh': {'PER': [], 'CON': ['中国数据挖掘专家。'], 'DATE': [], 'ORG': [], 'KEY': [], 'O': [], 'intent': '搜学者'}, 'en': ''}
{'query': '数据挖掘专家。', 'lang': 'zh', 'zh': {'PER': ['。'], 'CON': [], 'DATE': [], 'ORG': [], 'KEY': ['数据挖掘'], 'O': ['专家'], 'intent': '搜学者'}, 'en': ''}
{'query': '医疗专家。', 'lang': 'zh', 'zh': {'PER': [], 'CON': [], 'DATE': [], 'ORG': [], 'KEY': ['医疗专家。'], 'O': [], 'intent': '搜学者'}, 'en': ''}
{'query': '数据挖掘论文。', 'lang': 'zh', 'zh': {'PER': [], 'CON': [], 'DATE': [], 'ORG': [], 'KEY': ['数据挖掘论文。'], 'O': [], 'intent': '搜文章'}, 'en': ''}
{'query': '请帮忙找一下计算机科学专家。', 'lang': 'zh', 'zh': {'PER': [], 'CON': ['计算机科学专家。'], 'DATE': [], 'ORG': [], 'KEY': [], 'O': ['请', '帮忙', '找', '一下'], 'intent': '搜学者'}, 'en': ''}
{'query': '帮我找一下数据挖掘论文。', 'lang': 'zh', 'zh': {'PER': [], 'CON': ['数据挖掘论文。'], 'DATE': [], 'ORG': [], 'KEY': [], 'O': ['帮', '我', '找', '一下'], 'intent': '搜文章'}, 'en': ''}
{'query': '帮我找一下机器学习论文。', 'lang': 'zh', 'zh': {'PER': [], 'CON': ['一下机器学习论文。'], 'DATE': [], 'ORG': [], 'KEY': ['帮'], 'O': ['我', '找'], 'intent': '搜文章'}, 'en': ''}
{'query': '帮我找一下回家研究的论文。', 'lang': 'zh', 'zh': {'PER': ['。'], 'CON': ['一下回家研究'], 'DATE': [], 'ORG': [], 'KEY': [], 'O': ['帮', '我', '找', '的', '论文'], 'intent': '搜文章'}, 'en': ''}
{'query': '帮我找一下肺癌研究的论文。', 'lang': 'zh', 'zh': {'PER': ['。'], 'CON': ['一下肺癌研究'], 'DATE': [], 'ORG': [], 'KEY': [], 'O': ['帮', '我', '找', '的', '论文'], 'intent': '搜文章'}, 'en': ''}
{'query': '帮我找一下海洋工程的论文。', 'lang': 'zh', 'zh': {'PER': ['。'], 'CON': ['一下海洋工程'], 'DATE': [], 'ORG': [], 'KEY': [], 'O': ['帮', '我', '找', '的', '论文'], 'intent': '搜文章'}, 'en': ''}
{'query': '帮我找一下深潜技术的论文。', 'lang': 'zh', 'zh': {'PER': ['。'], 'CON': ['一下深潜技术'], 'DATE': [], 'ORG': [], 'KEY': [], 'O': ['帮', '我', '找', '的', '论文'], 'intent': '搜文章'}, 'en': ''}
{'query': '帮我找一下数字健康的论文。', 'lang': 'zh', 'zh': {'PER': ['。'], 'CON': ['数字健康'], 'DATE': [], 'ORG': [], 'KEY': [], 'O': ['帮', '我', '找', '一下', '的', '论文'], 'intent': '搜文章'}, 'en': ''}
{'query': '帮我找一下数字健康的专家。', 'lang': 'zh', 'zh': {'PER': ['。'], 'CON': ['数字健康'], 'DATE': [], 'ORG': [], 'KEY': [], 'O': ['帮', '我', '找', '一下', '的', '专家'], 'intent': '搜学者'}, 'en': ''}
{'query': '帮我找一下唐杰教授的论文。', 'lang': 'zh', 'zh': {'PER': ['。'], 'CON': [], 'DATE': [], 'ORG': [], 'KEY': [], 'O': ['帮', '我', '找', '一下', '唐杰', '教授', '的', '论文'], 'intent': '搜文章'}, 'en': ''}
{'query': '帮我找一下清华大学堂。', 'lang': 'zh', 'zh': {'PER': [], 'CON': [], 'DATE': [], 'ORG': ['清华大学'], 'KEY': ['帮我找一下'], 'O': ['堂', '。'], 'intent': '闲聊'}, 'en': ''}
{'query': '老家清华大学的论文。', 'lang': 'zh', 'zh': {'PER': ['。'], 'CON': [], 'DATE': [], 'ORG': ['清华大学'], 'KEY': ['老家'], 'O': ['的', '论文'], 'intent': '搜文章'}, 'en': ''}
{'query': '找一下数据挖掘的论文。', 'lang': 'zh', 'zh': {'PER': ['。'], 'CON': ['数据挖掘'], 'DATE': [], 'ORG': [], 'KEY': [], 'O': ['找', '一下', '的', '论文'], 'intent': '搜文章'}, 'en': ''}
{'query': '找一下被他们领的论文。', 'lang': 'zh', 'zh': {'PER': ['一下被他们领', '。'], 'CON': [], 'DATE': [], 'ORG': [], 'KEY': [], 'O': ['找', '的', '论文'], 'intent': '搜文章'}, 'en': ''}
{'query': '福州大学人工智能专家。', 'lang': 'zh', 'zh': {'PER': [], 'CON': ['人工智能专家。'], 'DATE': [], 'ORG': ['福州大学'], 'KEY': [], 'O': [], 'intent': '搜学者'}, 'en': ''}
{'query': '福州大学计算机专家。', 'lang': 'zh', 'zh': {'PER': [], 'CON': ['计算机专家。'], 'DATE': [], 'ORG': ['福州大学'], 'KEY': [], 'O': [], 'intent': '搜学者'}, 'en': ''}
{'query': '清华大学计算机专家。', 'lang': 'zh', 'zh': {'PER': [], 'CON': ['计算机专家。'], 'DATE': [], 'ORG': ['清华大学'], 'KEY': [], 'O': [], 'intent': '搜学者'}, 'en': ''}
{'query': '清华大学研究人工智能的专家。', 'lang': 'zh', 'zh': {'PER': ['。'], 'CON': [], 'DATE': [], 'ORG': ['清华大学研究人工智能'], 'KEY': [], 'O': ['的', '专家'], 'intent': '搜学者'}, 'en': ''}
{'query': '机器人领域的专家。', 'lang': 'zh', 'zh': {'PER': ['。'], 'CON': [], 'DATE': [], 'ORG': [], 'KEY': ['机器人'], 'O': ['领域', '的', '专家'], 'intent': '搜学者'}, 'en': ''}
{'query': '人工智能领域专家。', 'lang': 'zh', 'zh': {'PER': ['。'], 'CON': [], 'DATE': [], 'ORG': [], 'KEY': ['人工智能领域专家'], 'O': [], 'intent': '闲聊'}, 'en': ''}
{'query': '北京大学专家。', 'lang': 'zh', 'zh': {'PER': [], 'CON': [], 'DATE': [], 'ORG': ['北京大学专家。'], 'KEY': [], 'O': [], 'intent': '搜学者'}, 'en': ''}
{'query': '清华大学专家。', 'lang': 'zh', 'zh': {'PER': [], 'CON': [], 'DATE': [], 'ORG': ['清华大学专家。'], 'KEY': [], 'O': [], 'intent': '搜学者'}, 'en': ''}
{'query': '找一下人工智能专家', 'lang': 'zh', 'zh': {'PER': [], 'CON': [], 'DATE': [], 'ORG': [], 'KEY': ['人工智能'], 'O': ['找', '一下', '专家'], 'intent': '搜学者'}, 'en': ''}
{'query': '找一下机器学习专家', 'lang': 'zh', 'zh': {'PER': [], 'CON': ['机器学习'], 'DATE': [], 'ORG': [], 'KEY': [], 'O': ['找', '一下', '专家'], 'intent': '搜学者'}, 'en': ''}
{'query': '机器学习专家都在哪里', 'lang': 'zh', 'zh': {'PER': [], 'CON': ['专家都在哪里'], 'DATE': [], 'ORG': [], 'KEY': ['机器学习'], 'O': [], 'intent': '闲聊'}, 'en': ''}
{'query': '找机器学习专家', 'lang': 'zh', 'zh': {'PER': [], 'CON': ['机器学习'], 'DATE': [], 'ORG': [], 'KEY': [], 'O': ['找', '专家'], 'intent': '搜学者'}, 'en': ''}
{'query': '找人工智能专家', 'lang': 'zh', 'zh': {'PER': [], 'CON': [], 'DATE': [], 'ORG': [], 'KEY': ['人工智能'], 'O': ['找', '专家'], 'intent': '搜学者'}, 'en': ''}
{'query': '找人工智能论文', 'lang': 'zh', 'zh': {'PER': [], 'CON': ['人工智能论文'], 'DATE': [], 'ORG': [], 'KEY': [], 'O': ['找'], 'intent': '搜文章'}, 'en': ''}
{'query': '搞机器学习论文', 'lang': 'zh', 'zh': {'PER': [], 'CON': ['机器学习论文'], 'DATE': [], 'ORG': [], 'KEY': ['搞'], 'O': [], 'intent': '搜文章'}, 'en': ''}
{'query': '找机器学习论文', 'lang': 'zh', 'zh': {'PER': [], 'CON': ['机器学习论文'], 'DATE': [], 'ORG': [], 'KEY': [], 'O': ['找'], 'intent': '搜文章'}, 'en': ''}
{'query': '找海洋工程专家', 'lang': 'zh', 'zh': {'PER': [], 'CON': ['海洋工程'], 'DATE': [], 'ORG': [], 'KEY': [], 'O': ['找', '专家'], 'intent': '搜学者'}, 'en': ''}
{'query': '找农业科技专家', 'lang': 'zh', 'zh': {'PER': [], 'CON': ['农业科技专家'], 'DATE': [], 'ORG': [], 'KEY': [], 'O': ['找'], 'intent': '搜学者'}, 'en': ''}
{'query': '找医疗科技专家', 'lang': 'zh', 'zh': {'PER': [], 'CON': ['医疗科技'], 'DATE': [], 'ORG': [], 'KEY': [], 'O': ['找', '专家'], 'intent': '搜学者'}, 'en': ''}
{'query': '找神经科学专家', 'lang': 'zh', 'zh': {'PER': [], 'CON': ['神经科学'], 'DATE': [], 'ORG': [], 'KEY': [], 'O': ['找', '专家'], 'intent': '搜学者'}, 'en': ''}
{'query': '大数据专家', 'lang': 'zh', 'zh': {'PER': [], 'CON': [], 'DATE': [], 'ORG': [], 'KEY': ['大数据'], 'O': ['专家'], 'intent': '搜学者'}, 'en': ''}
{'query': '找清华唐杰老师', 'lang': 'zh', 'zh': {'PER': ['清华唐杰老师'], 'CON': [], 'DATE': [], 'ORG': [], 'KEY': [], 'O': ['找'], 'intent': '搜学者'}, 'en': ''}
{'query': '查找人工智能的论文', 'lang': 'zh', 'zh': {'PER': [], 'CON': ['人工智能'], 'DATE': [], 'ORG': [], 'KEY': [], 'O': ['查找', '的', '论文'], 'intent': '搜文章'}, 'en': ''}
{'query': '查找人工智能的专家', 'lang': 'zh', 'zh': {'PER': [], 'CON': ['人工智能'], 'DATE': [], 'ORG': [], 'KEY': [], 'O': ['查找', '的', '专家'], 'intent': '搜学者'}, 'en': ''}
{'query': '自动驾驶的抓那几', 'lang': 'zh', 'zh': {'PER': ['抓那几'], 'CON': ['自动驾驶'], 'DATE': [], 'ORG': [], 'KEY': [], 'O': ['的'], 'intent': '闲聊'}, 'en': ''}
{'query': '自动驾驶的专家', 'lang': 'zh', 'zh': {'PER': [], 'CON': ['自动驾驶'], 'DATE': [], 'ORG': [], 'KEY': [], 'O': ['的', '专家'], 'intent': '搜学者'}, 'en': ''}
{'query': '自动驾驶的论文', 'lang': 'zh', 'zh': {'PER': [], 'CON': ['自动驾驶'], 'DATE': [], 'ORG': [], 'KEY': [], 'O': ['的', '论文'], 'intent': '搜文章'}, 'en': ''}
{'query': '机器学习的专家', 'lang': 'zh', 'zh': {'PER': [], 'CON': ['机器学习'], 'DATE': [], 'ORG': [], 'KEY': [], 'O': ['的', '专家'], 'intent': '搜学者'}, 'en': ''}
{'query': '深度学习的专家', 'lang': 'zh', 'zh': {'PER': [], 'CON': [], 'DATE': [], 'ORG': [], 'KEY': ['深度学习'], 'O': ['的', '专家'], 'intent': '搜学者'}, 'en': ''}
{'query': '深度学习的论文', 'lang': 'zh', 'zh': {'PER': [], 'CON': ['深度学习'], 'DATE': [], 'ORG': [], 'KEY': [], 'O': ['的', '论文'], 'intent': '搜文章'}, 'en': ''}
{'query': '北京唐杰', 'lang': 'zh', 'zh': {'PER': [], 'CON': ['北京唐杰'], 'DATE': [], 'ORG': [], 'KEY': [], 'O': [], 'intent': '闲聊'}, 'en': ''}
{'query': '人工智能学者', 'lang': 'zh', 'zh': {'PER': [], 'CON': [], 'DATE': [], 'ORG': [], 'KEY': ['人工智能'], 'O': ['学者'], 'intent': '搜学者'}, 'en': ''}
{'query': '人工智能的话题', 'lang': 'zh', 'zh': {'PER': ['话题'], 'CON': ['人工智能'], 'DATE': [], 'ORG': [], 'KEY': [], 'O': ['的'], 'intent': '闲聊'}, 'en': ''}
{'query': '清华大学的唐杰', 'lang': 'zh', 'zh': {'PER': ['唐杰'], 'CON': [], 'DATE': [], 'ORG': ['清华大学'], 'KEY': [], 'O': ['的'], 'intent': '搜学者'}, 'en': ''}
{'query': '清华大学的高博', 'lang': 'zh', 'zh': {'PER': ['高博'], 'CON': [], 'DATE': [], 'ORG': ['清华大学'], 'KEY': [], 'O': ['的'], 'intent': '搜学者'}, 'en': ''}
{'query': '华裔人工智能专家', 'lang': 'zh', 'zh': {'PER': [], 'CON': [], 'DATE': [], 'ORG': [], 'KEY': ['华裔人工智能'], 'O': ['专家'], 'intent': '搜学者'}, 'en': ''}
{'query': '女性人工智能学者', 'lang': 'zh', 'zh': {'PER': [], 'CON': [], 'DATE': [], 'ORG': [], 'KEY': ['女性人工智能'], 'O': ['学者'], 'intent': '搜学者'}, 'en': ''}
{'query': '男性人工智能学者', 'lang': 'zh', 'zh': {'PER': [], 'CON': [], 'DATE': [], 'ORG': [], 'KEY': ['男性人工智能'], 'O': ['学者'], 'intent': '搜学者'}, 'en': ''}
{'query': '中山大学的印鉴', 'lang': 'zh', 'zh': {'PER': ['印鉴'], 'CON': [], 'DATE': [], 'ORG': ['中山大学'], 'KEY': [], 'O': ['的'], 'intent': '搜文章'}, 'en': ''}
{'query': '中山大学的学者印鉴', 'lang': 'zh', 'zh': {'PER': ['印鉴'], 'CON': [], 'DATE': [], 'ORG': ['中山大学'], 'KEY': [], 'O': ['的', '学者'], 'intent': '搜学者'}, 'en': ''}